<?xml version="1.0" encoding="UTF-8"?>
<testsuite xmlns:xsi="http://www.w3.org/2001/XMLSchema-instance" xsi:noNamespaceSchemaLocation="https://maven.apache.org/surefire/maven-surefire-plugin/xsd/surefire-test-report-3.0.xsd" version="3.0" name="com.mycompany.app.AppTest" time="0.036" tests="6" errors="0" skipped="0" failures="0">
  <properties>
[...]
</properties>
  <testcase name="testApp" classname="com.mycompany.app.AppTest" time="0.003"/>
  <testcase name="testEmptyArrayList" classname="com.mycompany.app.AppTest" time="0.009">
    <system-out><![CDATA[inside of method
the answer is: 12
]]></system-out>
  </testcase>
  <testcase name="testNullStrings" classname="com.mycompany.app.AppTest" time="0.0">
    <system-out><![CDATA[inside of method
the answer is: 0
]]></system-out>
  </testcase>
  <testcase name="testAddAndMultiply" classname="com.mycompany.app.AppTest" time="0.003">
    <system-out><![CDATA[inside of method
the answer is: 87
]]></system-out>
  </testcase>
  <testcase name="testEmptyStrings" classname="com.mycompany.app.AppTest" time="0.001">
    <system-out><![CDATA[inside of method
the answer is: 0
]]></system-out>
  </testcase>
  <testcase name="testEmptyArray" classname="com.mycompany.app.AppTest" time="0.001">
    <system-out><![CDATA[inside of method
the answer is: 75
]]></system-out>
  </testcase>
</testsuite>